Running: fuse.exe -relaunch -intstyle "ise" -incremental -lib "secureip" -o "D:/repo/avmis/SCHEME_TEST_isim_beh.exe" -prj "D:/repo/avmis/SCHEME_TEST_beh.prj" "work.SCHEME_TEST" 
ISim P.20131013 (signature 0x8ef4fb42)
Number of CPUs detected in this system: 2
Turning on mult-threading, number of parallel sub-compilation jobs: 4 
Determining compilation order of HDL files
Parsing VHDL file "D:/repo/avmis/JKTrigger.vhd" into library work
Parsing VHDL file "D:/repo/avmis/SCHEME.vhd" into library work
WARNING:HDLCompiler:946 - "D:/repo/avmis/SCHEME.vhd" Line 99: Actual for formal port k is neither a static name nor a globally static expression
WARNING:HDLCompiler:946 - "D:/repo/avmis/SCHEME.vhd" Line 101: Actual for formal port k is neither a static name nor a globally static expression
WARNING:HDLCompiler:946 - "D:/repo/avmis/SCHEME.vhd" Line 103: Actual for formal port k is neither a static name nor a globally static expression
WARNING:HDLCompiler:946 - "D:/repo/avmis/SCHEME.vhd" Line 105: Actual for formal port k is neither a static name nor a globally static expression
WARNING:HDLCompiler:946 - "D:/repo/avmis/SCHEME.vhd" Line 107: Actual for formal port k is neither a static name nor a globally static expression
WARNING:HDLCompiler:946 - "D:/repo/avmis/SCHEME.vhd" Line 109: Actual for formal port k is neither a static name nor a globally static expression
WARNING:HDLCompiler:946 - "D:/repo/avmis/SCHEME.vhd" Line 111: Actual for formal port k is neither a static name nor a globally static expression
WARNING:HDLCompiler:946 - "D:/repo/avmis/SCHEME.vhd" Line 113: Actual for formal port k is neither a static name nor a globally static expression
WARNING:HDLCompiler:946 - "D:/repo/avmis/SCHEME.vhd" Line 134: Actual for formal port c is neither a static name nor a globally static expression
WARNING:HDLCompiler:946 - "D:/repo/avmis/SCHEME.vhd" Line 136: Actual for formal port c is neither a static name nor a globally static expression
WARNING:HDLCompiler:946 - "D:/repo/avmis/SCHEME.vhd" Line 138: Actual for formal port c is neither a static name nor a globally static expression
WARNING:HDLCompiler:946 - "D:/repo/avmis/SCHEME.vhd" Line 140: Actual for formal port c is neither a static name nor a globally static expression
WARNING:HDLCompiler:946 - "D:/repo/avmis/SCHEME.vhd" Line 142: Actual for formal port c is neither a static name nor a globally static expression
WARNING:HDLCompiler:946 - "D:/repo/avmis/SCHEME.vhd" Line 144: Actual for formal port c is neither a static name nor a globally static expression
WARNING:HDLCompiler:946 - "D:/repo/avmis/SCHEME.vhd" Line 146: Actual for formal port c is neither a static name nor a globally static expression
WARNING:HDLCompiler:946 - "D:/repo/avmis/SCHEME.vhd" Line 148: Actual for formal port c is neither a static name nor a globally static expression
Parsing VHDL file "D:/repo/avmis/SCHEME_TEST.vhd" into library work
Starting static elaboration
Completed static elaboration
Fuse Memory Usage: 107616 KB
Fuse CPU Usage: 826 ms
Compiling package standard
Compiling package std_logic_1164
Compiling package std_logic_arith
Compiling package textio
Compiling package std_logic_textio
Compiling architecture jkt of entity JKTrigger [jktrigger_default]
Compiling architecture behavioral of entity SCHEME [scheme_default]
Compiling architecture behavior of entity scheme_test
Time Resolution for simulation is 1ps.
Waiting for 4 sub-compilation(s) to finish...
Compiled 10 VHDL Units
Built simulation executable D:/repo/avmis/SCHEME_TEST_isim_beh.exe
Fuse Memory Usage: 125840 KB
Fuse CPU Usage: 1248 ms
